%このファイルは日本語文字を含みます.
\BOOKMARK [0][-]{chapter.1}{最初の一歩}{}% 1
\BOOKMARK [1][-]{section.1.1}{コントローラーの操作}{chapter.1}% 2
\BOOKMARK [1][-]{section.1.2}{敵の倒し方}{chapter.1}% 3
\BOOKMARK [0][-]{chapter.2}{初めに}{}% 4
\BOOKMARK [1][-]{section.2.1}{Splatoon}{chapter.2}% 5
\BOOKMARK [1][-]{section.2.2}{ゲームを楽しむ}{chapter.2}% 6
\BOOKMARK [0][-]{chapter.3}{試合を優位に進める}{}% 7
\BOOKMARK [1][-]{section.3.1}{大局的人数有利}{chapter.3}% 8
\BOOKMARK [1][-]{section.3.2}{局所的人数有利}{chapter.3}% 9
\BOOKMARK [1][-]{section.3.3}{地形有利}{chapter.3}% 10
\BOOKMARK [1][-]{section.3.4}{チーム構成有利}{chapter.3}% 11
\BOOKMARK [0][-]{chapter.4}{勝負を優位に進める}{}% 12
\BOOKMARK [1][-]{section.4.1}{メインウェポン}{chapter.4}% 13
\BOOKMARK [1][-]{section.4.2}{サブウェポン}{chapter.4}% 14
\BOOKMARK [1][-]{section.4.3}{スペシャルウェポン}{chapter.4}% 15
\BOOKMARK [1][-]{section.4.4}{イカ状態とヒト状態}{chapter.4}% 16
\BOOKMARK [1][-]{section.4.5}{マップ}{chapter.4}% 17
\BOOKMARK [1][-]{section.4.6}{キャラクター移動}{chapter.4}% 18
\BOOKMARK [1][-]{section.4.7}{スーパージャンプ}{chapter.4}% 19
\BOOKMARK [1][-]{section.4.8}{ジャンプ}{chapter.4}% 20
\BOOKMARK [1][-]{section.4.9}{やられたとカモンとナイス}{chapter.4}% 21
\BOOKMARK [1][-]{section.4.10}{カメラリセット}{chapter.4}% 22
\BOOKMARK [0][-]{chapter.5}{ガチマッチで勝つ}{}% 23
\BOOKMARK [1][-]{section.5.1}{ガチエリア}{chapter.5}% 24
\BOOKMARK [1][-]{section.5.2}{ガチヤグラ}{chapter.5}% 25
\BOOKMARK [1][-]{section.5.3}{ガチホコ}{chapter.5}% 26
\BOOKMARK [1][-]{section.5.4}{ガチアサリ}{chapter.5}% 27
\BOOKMARK [0][-]{chapter.6}{謝辞}{}% 28
\BOOKMARK [0][-]{appendix.A}{A}{}% 29
\BOOKMARK [0][-]{appendix*.5}{参考文献}{}% 30
